<?xml version="1.0" encoding="UTF-8"?>
<!-- Generated by org.testng.reporters.JUnitXMLReporter -->
<testsuite ignored="0" hostname="DESKTOP-9U5B2F8" failures="0" tests="3" name="Default test" time="8.935" errors="0" timestamp="2025-04-27T16:29:11 IST">
  <testcase classname="TestCases.SearchFunctionalityTest" name="Verify_SearchIcon" time="1.198"/>
  <testcase classname="TestCases.SearchFunctionalityTest" name="Verify_SearchBox" time="1.11"/>
  <testcase classname="TestCases.SearchFunctionalityTest" name="Verify_Suggestions" time="1.107"/>
</testsuite> <!-- Default test -->
