<?xml version="1.0" encoding="UTF-8"?>
<!-- Generated by org.testng.reporters.JUnitXMLReporter -->
<testsuite ignored="0" hostname="DESKTOP-9U5B2F8" failures="0" tests="9" name="Test" time="28.617" errors="0" timestamp="2025-04-27T16:59:50 IST">
  <testcase classname="TestCases.HomepageTest" name="Verify_WebPage" time="1.218"/>
  <testcase classname="TestCases.HomepageTest" name="Verify_title" time="0.016"/>
  <testcase classname="TestCases.MainNavigationTest" name="Verify_HomeNavigationMenu" time="2.276"/>
  <testcase classname="TestCases.MainNavigationTest" name="Verify_ShopNavigationMenu" time="1.09"/>
  <testcase classname="TestCases.MainNavigationTest" name="Verify_ContactUsMenu" time="3.233"/>
  <testcase classname="TestCases.MainNavigationTest" name="Verify_AboutUsMenu" time="1.086"/>
  <testcase classname="TestCases.SearchFunctionalityTest" name="Verify_SearchIcon" time="1.16"/>
  <testcase classname="TestCases.SearchFunctionalityTest" name="Verify_SearchBox" time="1.097"/>
  <testcase classname="TestCases.SearchFunctionalityTest" name="Verify_Suggestions" time="1.089"/>
</testsuite> <!-- Test -->
