<?xml version="1.0" encoding="UTF-8"?>
<testng-results ignored="0" total="9" passed="9" failed="0" skipped="0">
  <reporter-output>
  </reporter-output>
  <suite started-at="2025-04-27T16:59:21 IST" name="Suite" finished-at="2025-04-27T16:59:50 IST" duration-ms="28617">
    <groups>
      <group name="smoke">
        <method signature="HomepageTest.Verify_WebPage()[pri:1, instance:TestCases.HomepageTest@4e08711f]" name="Verify_WebPage" class="TestCases.HomepageTest"/>
        <method signature="HomepageTest.Verify_title()[pri:2, instance:TestCases.HomepageTest@4e08711f]" name="Verify_title" class="TestCases.HomepageTest"/>
        <method signature="MainNavigationTest.Verify_AboutUsMenu()[pri:4, instance:TestCases.MainNavigationTest@55fe41ea]" name="Verify_AboutUsMenu" class="TestCases.MainNavigationTest"/>
        <method signature="MainNavigationTest.Verify_ContactUsMenu()[pri:3, instance:TestCases.MainNavigationTest@55fe41ea]" name="Verify_ContactUsMenu" class="TestCases.MainNavigationTest"/>
        <method signature="MainNavigationTest.Verify_HomeNavigationMenu()[pri:1, instance:TestCases.MainNavigationTest@55fe41ea]" name="Verify_HomeNavigationMenu" class="TestCases.MainNavigationTest"/>
        <method signature="MainNavigationTest.Verify_ShopNavigationMenu()[pri:2, instance:TestCases.MainNavigationTest@55fe41ea]" name="Verify_ShopNavigationMenu" class="TestCases.MainNavigationTest"/>
        <method signature="SearchFunctionalityTest.Verify_SearchBox()[pri:2, instance:TestCases.SearchFunctionalityTest@fbd1f6]" name="Verify_SearchBox" class="TestCases.SearchFunctionalityTest"/>
        <method signature="SearchFunctionalityTest.Verify_SearchIcon()[pri:1, instance:TestCases.SearchFunctionalityTest@fbd1f6]" name="Verify_SearchIcon" class="TestCases.SearchFunctionalityTest"/>
        <method signature="SearchFunctionalityTest.Verify_Suggestions()[pri:3, instance:TestCases.SearchFunctionalityTest@fbd1f6]" name="Verify_Suggestions" class="TestCases.SearchFunctionalityTest"/>
      </group> <!-- smoke -->
      <group name="Regression">
        <method signature="HomepageTest.Verify_WebPage()[pri:1, instance:TestCases.HomepageTest@4e08711f]" name="Verify_WebPage" class="TestCases.HomepageTest"/>
        <method signature="HomepageTest.Verify_title()[pri:2, instance:TestCases.HomepageTest@4e08711f]" name="Verify_title" class="TestCases.HomepageTest"/>
        <method signature="MainNavigationTest.Verify_AboutUsMenu()[pri:4, instance:TestCases.MainNavigationTest@55fe41ea]" name="Verify_AboutUsMenu" class="TestCases.MainNavigationTest"/>
        <method signature="MainNavigationTest.Verify_ContactUsMenu()[pri:3, instance:TestCases.MainNavigationTest@55fe41ea]" name="Verify_ContactUsMenu" class="TestCases.MainNavigationTest"/>
        <method signature="MainNavigationTest.Verify_HomeNavigationMenu()[pri:1, instance:TestCases.MainNavigationTest@55fe41ea]" name="Verify_HomeNavigationMenu" class="TestCases.MainNavigationTest"/>
        <method signature="MainNavigationTest.Verify_ShopNavigationMenu()[pri:2, instance:TestCases.MainNavigationTest@55fe41ea]" name="Verify_ShopNavigationMenu" class="TestCases.MainNavigationTest"/>
        <method signature="SearchFunctionalityTest.Verify_SearchBox()[pri:2, instance:TestCases.SearchFunctionalityTest@fbd1f6]" name="Verify_SearchBox" class="TestCases.SearchFunctionalityTest"/>
        <method signature="SearchFunctionalityTest.Verify_SearchIcon()[pri:1, instance:TestCases.SearchFunctionalityTest@fbd1f6]" name="Verify_SearchIcon" class="TestCases.SearchFunctionalityTest"/>
        <method signature="SearchFunctionalityTest.Verify_Suggestions()[pri:3, instance:TestCases.SearchFunctionalityTest@fbd1f6]" name="Verify_Suggestions" class="TestCases.SearchFunctionalityTest"/>
      </group> <!-- Regression -->
      <group name="sanity">
        <method signature="HomepageTest.Verify_WebPage()[pri:1, instance:TestCases.HomepageTest@4e08711f]" name="Verify_WebPage" class="TestCases.HomepageTest"/>
        <method signature="HomepageTest.Verify_title()[pri:2, instance:TestCases.HomepageTest@4e08711f]" name="Verify_title" class="TestCases.HomepageTest"/>
        <method signature="MainNavigationTest.Verify_AboutUsMenu()[pri:4, instance:TestCases.MainNavigationTest@55fe41ea]" name="Verify_AboutUsMenu" class="TestCases.MainNavigationTest"/>
        <method signature="MainNavigationTest.Verify_ContactUsMenu()[pri:3, instance:TestCases.MainNavigationTest@55fe41ea]" name="Verify_ContactUsMenu" class="TestCases.MainNavigationTest"/>
        <method signature="MainNavigationTest.Verify_HomeNavigationMenu()[pri:1, instance:TestCases.MainNavigationTest@55fe41ea]" name="Verify_HomeNavigationMenu" class="TestCases.MainNavigationTest"/>
        <method signature="MainNavigationTest.Verify_ShopNavigationMenu()[pri:2, instance:TestCases.MainNavigationTest@55fe41ea]" name="Verify_ShopNavigationMenu" class="TestCases.MainNavigationTest"/>
        <method signature="SearchFunctionalityTest.Verify_SearchBox()[pri:2, instance:TestCases.SearchFunctionalityTest@fbd1f6]" name="Verify_SearchBox" class="TestCases.SearchFunctionalityTest"/>
        <method signature="SearchFunctionalityTest.Verify_SearchIcon()[pri:1, instance:TestCases.SearchFunctionalityTest@fbd1f6]" name="Verify_SearchIcon" class="TestCases.SearchFunctionalityTest"/>
        <method signature="SearchFunctionalityTest.Verify_Suggestions()[pri:3, instance:TestCases.SearchFunctionalityTest@fbd1f6]" name="Verify_Suggestions" class="TestCases.SearchFunctionalityTest"/>
      </group> <!-- sanity -->
    </groups>
    <test started-at="2025-04-27T16:59:21 IST" name="Test" finished-at="2025-04-27T16:59:50 IST" duration-ms="28617">
      <class name="TestCases.MainNavigationTest">
        <test-method is-config="true" signature="Setup()[pri:0, instance:TestCases.MainNavigationTest@55fe41ea]" started-at="2025-04-27T16:59:29 IST" name="Setup" finished-at="2025-04-27T16:59:33 IST" duration-ms="4286" status="PASS">
          <reporter-output>
          </reporter-output>
        </test-method> <!-- Setup -->
        <test-method signature="Verify_HomeNavigationMenu()[pri:1, instance:TestCases.MainNavigationTest@55fe41ea]" started-at="2025-04-27T16:59:33 IST" name="Verify_HomeNavigationMenu" finished-at="2025-04-27T16:59:36 IST" duration-ms="2276" status="PASS">
          <reporter-output>
          </reporter-output>
        </test-method> <!-- Verify_HomeNavigationMenu -->
        <test-method signature="Verify_ShopNavigationMenu()[pri:2, instance:TestCases.MainNavigationTest@55fe41ea]" started-at="2025-04-27T16:59:36 IST" name="Verify_ShopNavigationMenu" finished-at="2025-04-27T16:59:37 IST" duration-ms="1090" status="PASS">
          <reporter-output>
          </reporter-output>
        </test-method> <!-- Verify_ShopNavigationMenu -->
        <test-method signature="Verify_ContactUsMenu()[pri:3, instance:TestCases.MainNavigationTest@55fe41ea]" started-at="2025-04-27T16:59:37 IST" name="Verify_ContactUsMenu" finished-at="2025-04-27T16:59:40 IST" duration-ms="3233" status="PASS">
          <reporter-output>
          </reporter-output>
        </test-method> <!-- Verify_ContactUsMenu -->
        <test-method signature="Verify_AboutUsMenu()[pri:4, instance:TestCases.MainNavigationTest@55fe41ea]" started-at="2025-04-27T16:59:41 IST" name="Verify_AboutUsMenu" finished-at="2025-04-27T16:59:42 IST" duration-ms="1086" status="PASS">
          <reporter-output>
          </reporter-output>
        </test-method> <!-- Verify_AboutUsMenu -->
        <test-method is-config="true" signature="teardown()[pri:0, instance:TestCases.MainNavigationTest@55fe41ea]" started-at="2025-04-27T16:59:42 IST" name="teardown" finished-at="2025-04-27T16:59:42 IST" duration-ms="124" status="PASS">
          <reporter-output>
          </reporter-output>
        </test-method> <!-- teardown -->
      </class> <!-- TestCases.MainNavigationTest -->
      <class name="TestCases.SearchFunctionalityTest">
        <test-method is-config="true" signature="Setup()[pri:0, instance:TestCases.SearchFunctionalityTest@fbd1f6]" started-at="2025-04-27T16:59:42 IST" name="Setup" finished-at="2025-04-27T16:59:46 IST" duration-ms="3723" status="PASS">
          <reporter-output>
          </reporter-output>
        </test-method> <!-- Setup -->
        <test-method signature="Verify_SearchIcon()[pri:1, instance:TestCases.SearchFunctionalityTest@fbd1f6]" started-at="2025-04-27T16:59:46 IST" name="Verify_SearchIcon" finished-at="2025-04-27T16:59:47 IST" duration-ms="1160" status="PASS">
          <reporter-output>
          </reporter-output>
        </test-method> <!-- Verify_SearchIcon -->
        <test-method signature="Verify_SearchBox()[pri:2, instance:TestCases.SearchFunctionalityTest@fbd1f6]" started-at="2025-04-27T16:59:47 IST" name="Verify_SearchBox" finished-at="2025-04-27T16:59:48 IST" duration-ms="1097" status="PASS">
          <reporter-output>
          </reporter-output>
        </test-method> <!-- Verify_SearchBox -->
        <test-method signature="Verify_Suggestions()[pri:3, instance:TestCases.SearchFunctionalityTest@fbd1f6]" started-at="2025-04-27T16:59:48 IST" name="Verify_Suggestions" finished-at="2025-04-27T16:59:49 IST" duration-ms="1089" status="PASS">
          <reporter-output>
          </reporter-output>
        </test-method> <!-- Verify_Suggestions -->
        <test-method is-config="true" signature="teardown()[pri:0, instance:TestCases.SearchFunctionalityTest@fbd1f6]" started-at="2025-04-27T16:59:50 IST" name="teardown" finished-at="2025-04-27T16:59:50 IST" duration-ms="114" status="PASS">
          <reporter-output>
          </reporter-output>
        </test-method> <!-- teardown -->
      </class> <!-- TestCases.SearchFunctionalityTest -->
      <class name="TestCases.HomepageTest">
        <test-method is-config="true" signature="Setup()[pri:0, instance:TestCases.HomepageTest@4e08711f]" started-at="2025-04-27T16:59:21 IST" name="Setup" finished-at="2025-04-27T16:59:27 IST" duration-ms="5879" status="PASS">
          <reporter-output>
          </reporter-output>
        </test-method> <!-- Setup -->
        <test-method signature="Verify_WebPage()[pri:1, instance:TestCases.HomepageTest@4e08711f]" started-at="2025-04-27T16:59:27 IST" name="Verify_WebPage" finished-at="2025-04-27T16:59:28 IST" duration-ms="1218" status="PASS">
          <reporter-output>
          </reporter-output>
        </test-method> <!-- Verify_WebPage -->
        <test-method signature="Verify_title()[pri:2, instance:TestCases.HomepageTest@4e08711f]" started-at="2025-04-27T16:59:29 IST" name="Verify_title" finished-at="2025-04-27T16:59:29 IST" duration-ms="16" status="PASS">
          <reporter-output>
          </reporter-output>
        </test-method> <!-- Verify_title -->
        <test-method is-config="true" signature="teardown()[pri:0, instance:TestCases.HomepageTest@4e08711f]" started-at="2025-04-27T16:59:29 IST" name="teardown" finished-at="2025-04-27T16:59:29 IST" duration-ms="140" status="PASS">
          <reporter-output>
          </reporter-output>
        </test-method> <!-- teardown -->
      </class> <!-- TestCases.HomepageTest -->
    </test> <!-- Test -->
  </suite> <!-- Suite -->
</testng-results>
